
synpwrap -msg -prj "finalproject_impl1_synplify.tcl" -log "finalproject_impl1.srf"
Copyright (C) 1992-2017 Lattice Semiconductor Corporation. All rights reserved.
Lattice Diamond Version 3.10.0.111.2
    <postMsg mid="2011000" type="Info"    dynamic="0" navigation="0"  />

==contents of finalproject_impl1.srf
#Build: Synplify Pro (R) M-2017.03L-SP1-1, Build 086R, Aug  4 2017
#install: C:\lscc\diamond\3.10_x64\synpbase
#OS: Windows 8 6.2
#Hostname: DESKTOP-4QTE81U

# Tue Jun  5 21:31:13 2018

#Implementation: impl1

Synopsys HDL Compiler, version comp2017q2p1, Build 190R, built Aug  4 2017
@N|Running in 64-bit mode
Copyright (C) 1994-2017 Synopsys, Inc. This Synopsys software and all associated documentation are proprietary to Synopsys, Inc. and may only be used pursuant to the terms and conditions of a written license agreement with Synopsys, Inc. All other use, reproduction, modification, or distribution of the Synopsys software or the associated documentation is strictly prohibited.

Synopsys Verilog Compiler, version comp2017q2p1, Build 190R, built Aug  4 2017
@N|Running in 64-bit mode
Copyright (C) 1994-2017 Synopsys, Inc. This Synopsys software and all associated documentation are proprietary to Synopsys, Inc. and may only be used pursuant to the terms and conditions of a written license agreement with Synopsys, Inc. All other use, reproduction, modification, or distribution of the Synopsys software or the associated documentation is strictly prohibited.

@I::"C:\lscc\diamond\3.10_x64\synpbase\lib\lucent\machxo3lf.v" (library work)
@I::"C:\lscc\diamond\3.10_x64\synpbase\lib\lucent\pmi_def.v" (library work)
@I::"C:\lscc\diamond\3.10_x64\synpbase\lib\vlog\hypermods.v" (library __hyper__lib__)
@I::"C:\lscc\diamond\3.10_x64\synpbase\lib\vlog\umr_capim.v" (library snps_haps)
@I::"C:\lscc\diamond\3.10_x64\synpbase\lib\vlog\scemi_objects.v" (library snps_haps)
@I::"C:\lscc\diamond\3.10_x64\synpbase\lib\vlog\scemi_pipes.svh" (library snps_haps)
@I::"C:\Users\Tristan Thompson\Documents\section4code\Clock_Counter.sv" (library work)
@I::"C:\lscc\diamond\3.10_x64\bin\nt64\finalproject\PhysicsController.sv" (library work)
@I::"C:\lscc\diamond\3.10_x64\bin\nt64\finalproject\Game_FSM.sv" (library work)
@I::"C:\Users\Tristan Thompson\Downloads\hvsync_generator\hvsync_generator.sv" (library work)
@I::"C:\lscc\diamond\3.10_x64\bin\nt64\finalproject\Game.sv" (library work)
@I::"C:\lscc\diamond\3.10_x64\bin\nt64\finalproject\Top.sv" (library work)
@I::"C:\lscc\diamond\3.10_x64\bin\nt64\finalproject\Renderer.sv" (library work)
Error reading file dependency information in file C:\lscc\diamond\3.10_x64\bin\nt64\finalproject\impl1\synwork\layer0.fdepVerilog syntax check successful!
File C:\lscc\diamond\3.10_x64\bin\nt64\finalproject\PhysicsController.sv changed - recompiling
@N: CG364 :"C:\lscc\diamond\3.10_x64\bin\nt64\finalproject\Game_FSM.sv":1:0:1:6|Synthesizing module work_C:\Users\Tristan Thompson\Documents\section4code\Clock_Counter.sv_unit in library work.
Selecting top level module tennis
@N: CG364 :"C:\lscc\diamond\3.10_x64\synpbase\lib\lucent\machxo3lf.v":1759:7:1759:10|Synthesizing module OSCH in library work.
@N: CG364 :"C:\Users\Tristan Thompson\Documents\section4code\Clock_Counter.sv":1:7:1:19|Synthesizing module clock_counter in library work.
@N: CG364 :"C:\lscc\diamond\3.10_x64\bin\nt64\finalproject\Game_FSM.sv":2:7:2:20|Synthesizing module game_fsm_state in library work.
@N: CG179 :"C:\lscc\diamond\3.10_x64\bin\nt64\finalproject\Game_FSM.sv":28:14:28:18|Removing redundant assignment.
@N: CG364 :"C:\lscc\diamond\3.10_x64\bin\nt64\finalproject\PhysicsController.sv":1:7:1:23|Synthesizing module paddle_controller in library work.
@N: CG179 :"C:\lscc\diamond\3.10_x64\bin\nt64\finalproject\PhysicsController.sv":26:12:26:12|Removing redundant assignment.
@N: CG364 :"C:\lscc\diamond\3.10_x64\bin\nt64\finalproject\PhysicsController.sv":76:7:76:24|Synthesizing module collision_detector in library work.
@N: CG364 :"C:\lscc\diamond\3.10_x64\bin\nt64\finalproject\PhysicsController.sv":34:7:34:21|Synthesizing module ball_controller in library work.
@N: CG364 :"C:\lscc\diamond\3.10_x64\bin\nt64\finalproject\PhysicsController.sv":87:7:87:21|Synthesizing module game_controller in library work.
@N: CG364 :"C:\lscc\diamond\3.10_x64\bin\nt64\finalproject\Game.sv":1:7:1:10|Synthesizing module game in library work.
@W: CS263 :"C:\lscc\diamond\3.10_x64\bin\nt64\finalproject\Game.sv":25:15:25:22|Port-width mismatch for port p1_paddle_w. The port definition is 10 bits, but the actual port connection bit width is 32. Adjust either the definition or the instantiation of this port.
@W: CS263 :"C:\lscc\diamond\3.10_x64\bin\nt64\finalproject\Game.sv":26:15:26:22|Port-width mismatch for port p1_paddle_h. The port definition is 10 bits, but the actual port connection bit width is 32. Adjust either the definition or the instantiation of this port.
@W: CS263 :"C:\lscc\diamond\3.10_x64\bin\nt64\finalproject\Game.sv":27:10:27:15|Port-width mismatch for port ball_w. The port definition is 10 bits, but the actual port connection bit width is 32. Adjust either the definition or the instantiation of this port.
@W: CS263 :"C:\lscc\diamond\3.10_x64\bin\nt64\finalproject\Game.sv":28:10:28:15|Port-width mismatch for port ball_h. The port definition is 10 bits, but the actual port connection bit width is 32. Adjust either the definition or the instantiation of this port.
@N: CG364 :"C:\Users\Tristan Thompson\Downloads\hvsync_generator\hvsync_generator.sv":1:7:1:22|Synthesizing module hvsync_generator in library work.
@N: CG364 :"C:\lscc\diamond\3.10_x64\bin\nt64\finalproject\Renderer.sv":1:7:1:14|Synthesizing module renderer in library work.
@N: CG364 :"C:\lscc\diamond\3.10_x64\bin\nt64\finalproject\Top.sv":1:7:1:12|Synthesizing module tennis in library work.
@W: CS263 :"C:\lscc\diamond\3.10_x64\bin\nt64\finalproject\Top.sv":47:15:47:25|Port-width mismatch for port p1_paddle_x. The port definition is 9 bits, but the actual port connection bit width is 10. Adjust either the definition or the instantiation of this port.
@W: CS263 :"C:\lscc\diamond\3.10_x64\bin\nt64\finalproject\Top.sv":48:15:48:25|Port-width mismatch for port p1_paddle_y. The port definition is 9 bits, but the actual port connection bit width is 10. Adjust either the definition or the instantiation of this port.
@W: CS263 :"C:\lscc\diamond\3.10_x64\bin\nt64\finalproject\Top.sv":45:10:45:15|Port-width mismatch for port ball_x. The port definition is 9 bits, but the actual port connection bit width is 10. Adjust either the definition or the instantiation of this port.
@W: CS263 :"C:\lscc\diamond\3.10_x64\bin\nt64\finalproject\Top.sv":46:10:46:15|Port-width mismatch for port ball_y. The port definition is 9 bits, but the actual port connection bit width is 10. Adjust either the definition or the instantiation of this port.
Error reading file dependency information in file C:\lscc\diamond\3.10_x64\bin\nt64\finalproject\impl1\synwork\layer0.fdep@N: CL159 :"C:\lscc\diamond\3.10_x64\bin\nt64\finalproject\PhysicsController.sv":76:49:76:51|Input a_h is unused.
@N: CL201 :"C:\lscc\diamond\3.10_x64\bin\nt64\finalproject\Game_FSM.sv":16:1:16:9|Trying to extract state machine for register state.
Extracted state machine for register state
State machine has 4 reachable states with original encodings of:
   00000000000000000000000000000000
   00000000000000000000000000000001
   00000000000000000000000000000010
   00000000000000000000000000000011
@W: CL190 :"C:\Users\Tristan Thompson\Documents\section4code\Clock_Counter.sv":14:2:14:10|Optimizing register bit count[19] to a constant 0. To keep the instance, apply constraint syn_preserve=1 on the instance.
@W: CL190 :"C:\Users\Tristan Thompson\Documents\section4code\Clock_Counter.sv":14:2:14:10|Optimizing register bit count[20] to a constant 0. To keep the instance, apply constraint syn_preserve=1 on the instance.
@W: CL190 :"C:\Users\Tristan Thompson\Documents\section4code\Clock_Counter.sv":14:2:14:10|Optimizing register bit count[21] to a constant 0. To keep the instance, apply constraint syn_preserve=1 on the instance.
@W: CL190 :"C:\Users\Tristan Thompson\Documents\section4code\Clock_Counter.sv":14:2:14:10|Optimizing register bit count[22] to a constant 0. To keep the instance, apply constraint syn_preserve=1 on the instance.
@W: CL190 :"C:\Users\Tristan Thompson\Documents\section4code\Clock_Counter.sv":14:2:14:10|Optimizing register bit count[23] to a constant 0. To keep the instance, apply constraint syn_preserve=1 on the instance.
@W: CL190 :"C:\Users\Tristan Thompson\Documents\section4code\Clock_Counter.sv":14:2:14:10|Optimizing register bit count[24] to a constant 0. To keep the instance, apply constraint syn_preserve=1 on the instance.
@W: CL190 :"C:\Users\Tristan Thompson\Documents\section4code\Clock_Counter.sv":14:2:14:10|Optimizing register bit count[25] to a constant 0. To keep the instance, apply constraint syn_preserve=1 on the instance.
@W: CL190 :"C:\Users\Tristan Thompson\Documents\section4code\Clock_Counter.sv":14:2:14:10|Optimizing register bit count[26] to a constant 0. To keep the instance, apply constraint syn_preserve=1 on the instance.
@W: CL190 :"C:\Users\Tristan Thompson\Documents\section4code\Clock_Counter.sv":14:2:14:10|Optimizing register bit count[27] to a constant 0. To keep the instance, apply constraint syn_preserve=1 on the instance.
@W: CL190 :"C:\Users\Tristan Thompson\Documents\section4code\Clock_Counter.sv":14:2:14:10|Optimizing register bit count[28] to a constant 0. To keep the instance, apply constraint syn_preserve=1 on the instance.
@W: CL190 :"C:\Users\Tristan Thompson\Documents\section4code\Clock_Counter.sv":14:2:14:10|Optimizing register bit count[29] to a constant 0. To keep the instance, apply constraint syn_preserve=1 on the instance.
@W: CL190 :"C:\Users\Tristan Thompson\Documents\section4code\Clock_Counter.sv":14:2:14:10|Optimizing register bit count[30] to a constant 0. To keep the instance, apply constraint syn_preserve=1 on the instance.
@W: CL190 :"C:\Users\Tristan Thompson\Documents\section4code\Clock_Counter.sv":14:2:14:10|Optimizing register bit count[31] to a constant 0. To keep the instance, apply constraint syn_preserve=1 on the instance.
@W: CL279 :"C:\Users\Tristan Thompson\Documents\section4code\Clock_Counter.sv":14:2:14:10|Pruning register bits 31 to 19 of count[31:0]. If this is not the intended behavior, drive the inputs with valid values, or inputs from the top level.

At c_ver Exit (Real Time elapsed 0h:00m:00s; CPU Time elapsed 0h:00m:00s; Memory used current: 73MB peak: 77MB)

Process took 0h:00m:01s realtime, 0h:00m:01s cputime

Process completed successfully.
# Tue Jun  5 21:31:13 2018

###########################################################]
Synopsys Netlist Linker, version comp2017q2p1, Build 190R, built Aug  4 2017
@N|Running in 64-bit mode
File C:\lscc\diamond\3.10_x64\bin\nt64\finalproject\impl1\synwork\layer0.srs changed - recompiling
@N: NF107 :"C:\lscc\diamond\3.10_x64\bin\nt64\finalproject\Top.sv":1:7:1:12|Selected library: work cell: tennis view verilog as top level
@N: NF107 :"C:\lscc\diamond\3.10_x64\bin\nt64\finalproject\Top.sv":1:7:1:12|Selected library: work cell: tennis view verilog as top level

At syn_nfilter Exit (Real Time elapsed 0h:00m:00s; CPU Time elapsed 0h:00m:00s; Memory used current: 67MB peak: 68MB)

Process took 0h:00m:01s realtime, 0h:00m:01s cputime

Process completed successfully.
# Tue Jun  5 21:31:14 2018

###########################################################]
@END

At c_hdl Exit (Real Time elapsed 0h:00m:00s; CPU Time elapsed 0h:00m:00s; Memory used current: 3MB peak: 4MB)

Process took 0h:00m:01s realtime, 0h:00m:01s cputime

Process completed successfully.
# Tue Jun  5 21:31:14 2018

###########################################################]
Synopsys Netlist Linker, version comp2017q2p1, Build 190R, built Aug  4 2017
@N|Running in 64-bit mode
File C:\lscc\diamond\3.10_x64\bin\nt64\finalproject\impl1\synwork\finalproject_impl1_comp.srs changed - recompiling
@N: NF107 :"C:\lscc\diamond\3.10_x64\bin\nt64\finalproject\Top.sv":1:7:1:12|Selected library: work cell: tennis view verilog as top level
@N: NF107 :"C:\lscc\diamond\3.10_x64\bin\nt64\finalproject\Top.sv":1:7:1:12|Selected library: work cell: tennis view verilog as top level

At syn_nfilter Exit (Real Time elapsed 0h:00m:00s; CPU Time elapsed 0h:00m:00s; Memory used current: 68MB peak: 68MB)

Process took 0h:00m:01s realtime, 0h:00m:01s cputime

Process completed successfully.
# Tue Jun  5 21:31:15 2018

###########################################################]
# Tue Jun  5 21:31:15 2018

Synopsys Lattice Technology Pre-mapping, Version maplat, Build 1796R, Built Aug  4 2017 11:10:16
Copyright (C) 1994-2017 Synopsys, Inc. This Synopsys software and all associated documentation are proprietary to Synopsys, Inc. and may only be used pursuant to the terms and conditions of a written license agreement with Synopsys, Inc. All other use, reproduction, modification, or distribution of the Synopsys software or the associated documentation is strictly prohibited.
Product Version M-2017.03L-SP1-1

Mapper Startup Complete (Real Time elapsed 0h:00m:00s; CPU Time elapsed 0h:00m:00s; Memory used current: 99MB peak: 99MB)

@A: MF827 |No constraint file specified.
@L: C:\lscc\diamond\3.10_x64\bin\nt64\finalproject\impl1\finalproject_impl1_scck.rpt 
Printing clock  summary report in "C:\lscc\diamond\3.10_x64\bin\nt64\finalproject\impl1\finalproject_impl1_scck.rpt" file 
@N: MF248 |Running in 64-bit mode.
@N: MF666 |Clock conversion enabled. (Command "set_option -fix_gated_and_generated_clocks 1" in the project file.)

Design Input Complete (Real Time elapsed 0h:00m:00s; CPU Time elapsed 0h:00m:00s; Memory used current: 100MB peak: 102MB)


Mapper Initialization Complete (Real Time elapsed 0h:00m:00s; CPU Time elapsed 0h:00m:00s; Memory used current: 100MB peak: 102MB)


Start loading timing files (Real Time elapsed 0h:00m:00s; CPU Time elapsed 0h:00m:00s; Memory used current: 112MB peak: 113MB)


Finished loading timing files (Real Time elapsed 0h:00m:00s; CPU Time elapsed 0h:00m:00s; Memory used current: 112MB peak: 115MB)

ICG Latch Removal Summary:
Number of ICG latches removed:	0
Number of ICG latches not removed:	0
syn_allowed_resources : blockrams=240  set on top level netlist tennis

Finished netlist restructuring (Real Time elapsed 0h:00m:00s; CPU Time elapsed 0h:00m:00s; Memory used current: 140MB peak: 142MB)



Clock Summary
******************

          Start                                   Requested     Requested     Clock                                        Clock                   Clock
Level     Clock                                   Frequency     Period        Type                                         Group                   Load 
--------------------------------------------------------------------------------------------------------------------------------------------------------
0 -       tennis|clk_inferred_clock               24.2 MHz      41.356        inferred                                     Inferred_clkgroup_0     45   
1 .         clock_counter|clk_o_derived_clock     24.2 MHz      41.356        derived (from tennis|clk_inferred_clock)     Inferred_clkgroup_0     58   
========================================================================================================================================================

@W: MT529 :"c:\users\tristan thompson\documents\section4code\clock_counter.sv":14:2:14:10|Found inferred clock tennis|clk_inferred_clock which controls 45 sequential elements including counter_1.count[18:0]. This clock has no specified timing constraint which may prevent conversion of gated or generated clocks and may adversely impact design performance. 

Finished Pre Mapping Phase.

Starting constraint checker (Real Time elapsed 0h:00m:00s; CPU Time elapsed 0h:00m:00s; Memory used current: 140MB peak: 142MB)

Encoding state machine state[3:0] (in view: work.game_fsm_state(verilog))
original code -> new code
   00000000000000000000000000000000 -> 00
   00000000000000000000000000000001 -> 01
   00000000000000000000000000000010 -> 10
   00000000000000000000000000000011 -> 11
@N: MO225 :"c:\lscc\diamond\3.10_x64\bin\nt64\finalproject\game_fsm.sv":16:1:16:9|There are no possible illegal states for state machine state[3:0] (in view: work.game_fsm_state(verilog)); safe FSM implementation is not required.

Finished constraint checker preprocessing (Real Time elapsed 0h:00m:00s; CPU Time elapsed 0h:00m:00s; Memory used current: 140MB peak: 142MB)

None
None

Finished constraint checker (Real Time elapsed 0h:00m:00s; CPU Time elapsed 0h:00m:00s; Memory used current: 140MB peak: 142MB)

Pre-mapping successful!

At Mapper Exit (Real Time elapsed 0h:00m:00s; CPU Time elapsed 0h:00m:00s; Memory used current: 56MB peak: 142MB)

Process took 0h:00m:01s realtime, 0h:00m:01s cputime
# Tue Jun  5 21:31:16 2018

###########################################################]
# Tue Jun  5 21:31:16 2018

Synopsys Lattice Technology Mapper, Version maplat, Build 1796R, Built Aug  4 2017 11:10:16
Copyright (C) 1994-2017 Synopsys, Inc. This Synopsys software and all associated documentation are proprietary to Synopsys, Inc. and may only be used pursuant to the terms and conditions of a written license agreement with Synopsys, Inc. All other use, reproduction, modification, or distribution of the Synopsys software or the associated documentation is strictly prohibited.
Product Version M-2017.03L-SP1-1

Mapper Startup Complete (Real Time elapsed 0h:00m:00s; CPU Time elapsed 0h:00m:00s; Memory used current: 99MB peak: 99MB)

@N: MF248 |Running in 64-bit mode.
@N: MF666 |Clock conversion enabled. (Command "set_option -fix_gated_and_generated_clocks 1" in the project file.)

Design Input Complete (Real Time elapsed 0h:00m:00s; CPU Time elapsed 0h:00m:00s; Memory used current: 98MB peak: 100MB)


Mapper Initialization Complete (Real Time elapsed 0h:00m:00s; CPU Time elapsed 0h:00m:00s; Memory used current: 99MB peak: 100MB)


Start loading timing files (Real Time elapsed 0h:00m:00s; CPU Time elapsed 0h:00m:00s; Memory used current: 111MB peak: 112MB)


Finished loading timing files (Real Time elapsed 0h:00m:00s; CPU Time elapsed 0h:00m:00s; Memory used current: 111MB peak: 114MB)



Starting Optimization and Mapping (Real Time elapsed 0h:00m:00s; CPU Time elapsed 0h:00m:00s; Memory used current: 139MB peak: 141MB)


Available hyper_sources - for debug and ip models
	None Found


Finished RTL optimizations (Real Time elapsed 0h:00m:00s; CPU Time elapsed 0h:00m:00s; Memory used current: 139MB peak: 141MB)

Encoding state machine state[3:0] (in view: work.game_fsm_state(verilog))
original code -> new code
   00000000000000000000000000000000 -> 00
   00000000000000000000000000000001 -> 01
   00000000000000000000000000000010 -> 10
   00000000000000000000000000000011 -> 11
@N: MO225 :"c:\lscc\diamond\3.10_x64\bin\nt64\finalproject\game_fsm.sv":16:1:16:9|There are no possible illegal states for state machine state[3:0] (in view: work.game_fsm_state(verilog)); safe FSM implementation is not required.
@N: MO231 :"c:\users\tristan thompson\downloads\hvsync_generator\hvsync_generator.sv":20:0:20:5|Found counter in view:work.renderer(verilog) instance syncgen.CounterY[8:0] 

Starting factoring (Real Time elapsed 0h:00m:00s; CPU Time elapsed 0h:00m:00s; Memory used current: 140MB peak: 141MB)


Finished factoring (Real Time elapsed 0h:00m:00s; CPU Time elapsed 0h:00m:00s; Memory used current: 141MB peak: 142MB)


Starting gated-clock and generated-clock conversion (Real Time elapsed 0h:00m:00s; CPU Time elapsed 0h:00m:00s; Memory used current: 141MB peak: 142MB)

@N: MF578 :"c:\lscc\diamond\3.10_x64\bin\nt64\finalproject\physicscontroller.sv":10:1:10:9|Incompatible asynchronous control logic preventing generated clock conversion of gamelogic.game.player1.x[4] (in view: work.tennis(verilog)).

Finished gated-clock and generated-clock conversion (Real Time elapsed 0h:00m:00s; CPU Time elapsed 0h:00m:00s; Memory used current: 142MB peak: 142MB)


Finished generic timing optimizations - Pass 1 (Real Time elapsed 0h:00m:00s; CPU Time elapsed 0h:00m:00s; Memory used current: 142MB peak: 143MB)

@N: FA113 :"c:\lscc\diamond\3.10_x64\bin\nt64\finalproject\renderer.sv":45:96:45:111|Pipelining module un1_ball_y[9:1]. For more information, search for "pipelining" in Online Help.
@N: MF169 :"c:\lscc\diamond\3.10_x64\bin\nt64\finalproject\physicscontroller.sv":47:1:47:9|Pushed in register y[9:0].
@N: MF169 :"c:\lscc\diamond\3.10_x64\bin\nt64\finalproject\physicscontroller.sv":47:1:47:9|Pushed in register dy[9:0].

Starting Early Timing Optimization (Real Time elapsed 0h:00m:00s; CPU Time elapsed 0h:00m:00s; Memory used current: 143MB peak: 144MB)


Finished Early Timing Optimization (Real Time elapsed 0h:00m:00s; CPU Time elapsed 0h:00m:00s; Memory used current: 143MB peak: 144MB)


Finished generic timing optimizations - Pass 2 (Real Time elapsed 0h:00m:00s; CPU Time elapsed 0h:00m:00s; Memory used current: 143MB peak: 144MB)


Finished preparing to map (Real Time elapsed 0h:00m:00s; CPU Time elapsed 0h:00m:00s; Memory used current: 142MB peak: 144MB)


Finished technology mapping (Real Time elapsed 0h:00m:00s; CPU Time elapsed 0h:00m:00s; Memory used current: 142MB peak: 144MB)

Pass		 CPU time		Worst Slack		Luts / Registers
------------------------------------------------------------
   1		0h:00m:00s		    30.80ns		  87 /       120

Finished technology timing optimizations and critical path resynthesis (Real Time elapsed 0h:00m:00s; CPU Time elapsed 0h:00m:00s; Memory used current: 142MB peak: 144MB)

@N: FX164 |The option to pack registers in the IOB has not been specified. Please set syn_useioff attribute.  

Finished restoring hierarchy (Real Time elapsed 0h:00m:01s; CPU Time elapsed 0h:00m:01s; Memory used current: 143MB peak: 144MB)

@N: MT611 :|Automatically generated clock clock_counter|clk_o_derived_clock is not used and is being removed


@S |Clock Optimization Summary


#### START OF CLOCK OPTIMIZATION REPORT #####[

0 non-gated/non-generated clock tree(s) driving 0 clock pin(s) of sequential element(s)
1 gated/generated clock tree(s) driving 119 clock pin(s) of sequential element(s)
0 instances converted, 119 sequential instances remain driven by gated/generated clocks

====================================================================================================== Gated/Generated Clocks ======================================================================================================
Clock Tree ID     Driving Element     Drive Element Type     Fanout     Sample Instance               Explanation                                                                                                                   
------------------------------------------------------------------------------------------------------------------------------------------------------------------------------------------------------------------------------------
@K:CKID0001       osc_int             OSCH                   119        render_syncgen_vga_HS_iio     Gating structure creates improper gating logic. See the Gated Clocks description in the user guide for conversion requirements
====================================================================================================================================================================================================================================


##### END OF CLOCK OPTIMIZATION REPORT ######]


Start Writing Netlists (Real Time elapsed 0h:00m:01s; CPU Time elapsed 0h:00m:01s; Memory used current: 108MB peak: 144MB)

Writing Analyst data base C:\lscc\diamond\3.10_x64\bin\nt64\finalproject\impl1\synwork\finalproject_impl1_m.srm

Finished Writing Netlist Databases (Real Time elapsed 0h:00m:01s; CPU Time elapsed 0h:00m:01s; Memory used current: 141MB peak: 144MB)

Writing EDIF Netlist and constraint files
@N: FX1056 |Writing EDF file: C:\lscc\diamond\3.10_x64\bin\nt64\finalproject\impl1\finalproject_impl1.edi
M-2017.03L-SP1-1
@N: BW106 |Synplicity Constraint File capacitance units using default value of 1pF 

Finished Writing EDIF Netlist and constraint files (Real Time elapsed 0h:00m:01s; CPU Time elapsed 0h:00m:01s; Memory used current: 145MB peak: 147MB)


Start final timing analysis (Real Time elapsed 0h:00m:02s; CPU Time elapsed 0h:00m:02s; Memory used current: 146MB peak: 147MB)

@W: MT420 |Found inferred clock tennis|clk_inferred_clock with period 41.36ns. Please declare a user-defined clock on object "n:clk"


##### START OF TIMING REPORT #####[
# Timing Report written on Tue Jun  5 21:31:18 2018
#


Top view:               tennis
Requested Frequency:    24.2 MHz
Wire load mode:         top
Paths requested:        5
Constraint File(s):    
@N: MT320 |This timing report is an estimate of place and route data. For final timing results, use the FPGA vendor place and route report.

@N: MT322 |Clock constraints include only register-to-register paths associated with each individual clock.



Performance Summary
*******************


Worst slack in design: 30.297

                              Requested     Estimated     Requested     Estimated                Clock        Clock              
Starting Clock                Frequency     Frequency     Period        Period        Slack      Type         Group              
---------------------------------------------------------------------------------------------------------------------------------
tennis|clk_inferred_clock     24.2 MHz      90.4 MHz      41.356        11.059        30.297     inferred     Inferred_clkgroup_0
=================================================================================================================================





Clock Relationships
*******************

Clocks                                                |    rise  to  rise    |    fall  to  fall   |    rise  to  fall   |    fall  to  rise 
---------------------------------------------------------------------------------------------------------------------------------------------
Starting                   Ending                     |  constraint  slack   |  constraint  slack  |  constraint  slack  |  constraint  slack
---------------------------------------------------------------------------------------------------------------------------------------------
tennis|clk_inferred_clock  tennis|clk_inferred_clock  |  41.356      30.297  |  No paths    -      |  No paths    -      |  No paths    -    
=============================================================================================================================================
 Note: 'No paths' indicates there are no paths in the design for that pair of clock edges.
       'Diff grp' indicates that paths exist but the starting clock and ending clock are in different clock groups.



Interface Information 
*********************

No IO constraint found



====================================
Detailed Report for Clock: tennis|clk_inferred_clock
====================================



Starting Points with Worst Slack
********************************

                                   Starting                                                          Arrival           
Instance                           Reference                     Type        Pin     Net             Time        Slack 
                                   Clock                                                                               
-----------------------------------------------------------------------------------------------------------------------
gamelogic.game.ball.dy_pipe        tennis|clk_inferred_clock     FD1P3DX     Q       un1_ddy_1       1.180       30.297
gamelogic.game.ball.dy_pipe_10     tennis|clk_inferred_clock     FD1P3DX     Q       un1_dyf[0]      1.180       30.297
gamelogic.game.ball.dy_pipe_1      tennis|clk_inferred_clock     FD1P3DX     Q       un1_ddyf[1]     0.972       30.648
gamelogic.game.ball.dy_pipe_2      tennis|clk_inferred_clock     FD1P3DX     Q       un1_ddyf[2]     0.972       30.648
gamelogic.game.ball.dy_pipe_11     tennis|clk_inferred_clock     FD1P3DX     Q       un1_dyf[1]      0.972       30.648
gamelogic.game.ball.dy_pipe_12     tennis|clk_inferred_clock     FD1P3DX     Q       un1_dyf[2]      0.972       30.648
gamelogic.game.ball.dy_pipe_3      tennis|clk_inferred_clock     FD1P3DX     Q       un1_ddyf[3]     0.972       30.791
gamelogic.game.ball.dy_pipe_4      tennis|clk_inferred_clock     FD1P3DX     Q       un1_ddyf[4]     0.972       30.791
gamelogic.game.ball.dy_pipe_13     tennis|clk_inferred_clock     FD1P3DX     Q       un1_dyf[3]      0.972       30.791
gamelogic.game.ball.dy_pipe_14     tennis|clk_inferred_clock     FD1P3DX     Q       un1_dyf[4]      0.972       30.791
=======================================================================================================================


Ending Points with Worst Slack
******************************

                                    Starting                                                                        Required           
Instance                            Reference                     Type         Pin     Net                          Time         Slack 
                                    Clock                                                                                              
---------------------------------------------------------------------------------------------------------------------------------------
gamelogic.game.cdetect.y_pipe_8     tennis|clk_inferred_clock     FD1P3BX      D       collision_y_0[8]             41.251       30.297
gamelogic.game.cdetect.y_pipe_9     tennis|clk_inferred_clock     FD1P3DX      D       collision_y_0[9]             41.251       30.297
gamelogic.game.cdetect.y_pipe_6     tennis|clk_inferred_clock     FD1P3DX      D       collision_y_0[6]             41.251       30.440
gamelogic.game.cdetect.y_pipe_7     tennis|clk_inferred_clock     FD1P3DX      D       collision_y_0[7]             41.251       30.440
gamelogic.game.cdetect.y_pipe_4     tennis|clk_inferred_clock     FD1P3BX      D       collision_y_0[4]             41.251       30.582
gamelogic.game.cdetect.y_pipe_5     tennis|clk_inferred_clock     FD1P3BX      D       collision_y_0[5]             41.251       30.582
render_vga_gio                      tennis|clk_inferred_clock     OFS1P3DX     D       render.vga_g_3               41.251       30.805
render_vga_rio                      tennis|clk_inferred_clock     OFS1P3IX     D       render.vga_rc_i              41.251       30.805
gamelogic.game.ball.dy_pipe         tennis|clk_inferred_clock     FD1P3DX      SP      collision_latch_RNINO4F1     40.885       31.292
gamelogic.game.ball.dy_pipe_1       tennis|clk_inferred_clock     FD1P3DX      SP      collision_latch_RNINO4F1     40.885       31.292
=======================================================================================================================================



Worst Path Information
***********************


Path information for path number 1: 
      Requested Period:                      41.356
    - Setup time:                            0.106
    + Clock delay at ending point:           0.000 (ideal)
    = Required time:                         41.251

    - Propagation time:                      10.954
    - Clock delay at starting point:         0.000 (ideal)
    = Slack (critical) :                     30.297

    Number of logic level(s):                8
    Starting point:                          gamelogic.game.ball.dy_pipe / Q
    Ending point:                            gamelogic.game.cdetect.y_pipe_9 / D
    The start point is clocked by            tennis|clk_inferred_clock [rising] on pin CK
    The end   point is clocked by            tennis|clk_inferred_clock [rising] on pin CK

Instance / Net                                             Pin      Pin               Arrival     No. of    
Name                                           Type        Name     Dir     Delay     Time        Fan Out(s)
------------------------------------------------------------------------------------------------------------
gamelogic.game.ball.dy_pipe                    FD1P3DX     Q        Out     1.180     1.180       -         
un1_ddy_1                                      Net         -        -       -         -           5         
gamelogic.game.ball.un1_ddy_1_cry_0_0          CCU2D       A1       In      0.000     1.180       -         
gamelogic.game.ball.un1_ddy_1_cry_0_0          CCU2D       COUT     Out     1.544     2.724       -         
un1_ddy_1_cry_0                                Net         -        -       -         -           1         
gamelogic.game.ball.un1_ddy_1_cry_1_0          CCU2D       CIN      In      0.000     2.724       -         
gamelogic.game.ball.un1_ddy_1_cry_1_0          CCU2D       S1       Out     1.685     4.409       -         
dy[2]                                          Net         -        -       -         -           3         
gamelogic.game.ball.un4_y_cry_1_0              CCU2D       A1       In      0.000     4.409       -         
gamelogic.game.ball.un4_y_cry_1_0              CCU2D       COUT     Out     1.544     5.954       -         
un4_y_cry_2                                    Net         -        -       -         -           1         
gamelogic.game.ball.un4_y_cry_3_0              CCU2D       CIN      In      0.000     5.954       -         
gamelogic.game.ball.un4_y_cry_3_0              CCU2D       S0       Out     1.621     7.575       -         
un4_y[3]                                       Net         -        -       -         -           2         
gamelogic.game.cdetect.collision_y_cry_2_0     CCU2D       A1       In      0.000     7.575       -         
gamelogic.game.cdetect.collision_y_cry_2_0     CCU2D       COUT     Out     1.544     9.119       -         
collision_y_cry_3                              Net         -        -       -         -           1         
gamelogic.game.cdetect.collision_y_cry_4_0     CCU2D       CIN      In      0.000     9.119       -         
gamelogic.game.cdetect.collision_y_cry_4_0     CCU2D       COUT     Out     0.143     9.262       -         
collision_y_cry_5                              Net         -        -       -         -           1         
gamelogic.game.cdetect.collision_y_cry_6_0     CCU2D       CIN      In      0.000     9.262       -         
gamelogic.game.cdetect.collision_y_cry_6_0     CCU2D       COUT     Out     0.143     9.405       -         
collision_y_cry_7                              Net         -        -       -         -           1         
gamelogic.game.cdetect.collision_y_cry_8_0     CCU2D       CIN      In      0.000     9.405       -         
gamelogic.game.cdetect.collision_y_cry_8_0     CCU2D       S1       Out     1.549     10.954      -         
collision_y_0[9]                               Net         -        -       -         -           1         
gamelogic.game.cdetect.y_pipe_9                FD1P3DX     D        In      0.000     10.954      -         
============================================================================================================



##### END OF TIMING REPORT #####]

Timing exceptions that could not be applied
None

Finished final timing analysis (Real Time elapsed 0h:00m:02s; CPU Time elapsed 0h:00m:02s; Memory used current: 146MB peak: 147MB)


Finished timing report (Real Time elapsed 0h:00m:02s; CPU Time elapsed 0h:00m:02s; Memory used current: 146MB peak: 147MB)

---------------------------------------
Resource Usage Report
Part: lcmxo3lf_6900c-5

Register bits: 119 of 54912 (0%)
PIC Latch:       0
I/O cells:       9


Details:
CCU2D:          129
FD1P3AX:        12
FD1P3BX:        16
FD1P3DX:        55
FD1S3AX:        11
FD1S3DX:        20
GSR:            1
IB:             4
INV:            6
OB:             5
OFS1P3DX:       2
OFS1P3IX:       1
OFS1P3JX:       2
ORCALUT4:       80
OSCH:           1
PUR:            1
VHI:            10
VLO:            10
Mapper successful!

At Mapper Exit (Real Time elapsed 0h:00m:02s; CPU Time elapsed 0h:00m:02s; Memory used current: 32MB peak: 147MB)

Process took 0h:00m:02s realtime, 0h:00m:02s cputime
# Tue Jun  5 21:31:19 2018

###########################################################]


Synthesis exit by 0.

edif2ngd  -l "MachXO3LF" -d LCMXO3LF-6900C -path "C:/lscc/diamond/3.10_x64/bin/nt64/finalproject/impl1" -path "C:/lscc/diamond/3.10_x64/bin/nt64/finalproject"   "C:/lscc/diamond/3.10_x64/bin/nt64/finalproject/impl1/finalproject_impl1.edi" "finalproject_impl1.ngo"   
edif2ngd:  version Diamond (64-bit) 3.10.0.111.2

Copyright (c) 1991-1994 by NeoCAD Inc. All rights reserved.
Copyright (c) 1995 AT&T Corp.   All rights reserved.
Copyright (c) 1995-2001 Lucent Technologies Inc.  All rights reserved.
Copyright (c) 2001 Agere Systems   All rights reserved.
Copyright (c) 2002-2017 Lattice Semiconductor Corporation,  All rights reserved.
    <postMsg mid="1121028" type="Warning" dynamic="1" navigation="0" arg0="DX"  />
    <postMsg mid="1121028" type="Warning" dynamic="1" navigation="0" arg0="GAMEOVER_Y"  />
    <postMsg mid="1121028" type="Warning" dynamic="1" navigation="0" arg0="paddle_w"  />
    <postMsg mid="1121028" type="Warning" dynamic="1" navigation="0" arg0="paddle_h"  />
    <postMsg mid="1121028" type="Warning" dynamic="1" navigation="0" arg0="ball_w"  />
    <postMsg mid="1121028" type="Warning" dynamic="1" navigation="0" arg0="ball_h"  />
    <postMsg mid="1121028" type="Warning" dynamic="1" navigation="0" arg0="PADDLE_B"  />
    <postMsg mid="1121028" type="Warning" dynamic="1" navigation="0" arg0="PADDLE_G"  />
    <postMsg mid="1121028" type="Warning" dynamic="1" navigation="0" arg0="PADDLE_R"  />
    <postMsg mid="1121028" type="Warning" dynamic="1" navigation="0" arg0="BALL_B"  />
    <postMsg mid="1121028" type="Warning" dynamic="1" navigation="0" arg0="BALL_G"  />
    <postMsg mid="1121028" type="Warning" dynamic="1" navigation="0" arg0="BALL_R"  />
    <postMsg mid="1121028" type="Warning" dynamic="1" navigation="0" arg0="BALL_W"  />
    <postMsg mid="1121028" type="Warning" dynamic="1" navigation="0" arg0="BALL_H"  />
    <postMsg mid="1121028" type="Warning" dynamic="1" navigation="0" arg0="PADDLE_H"  />
    <postMsg mid="1121028" type="Warning" dynamic="1" navigation="0" arg0="PADDLE_W"  />
    <postMsg mid="1121028" type="Warning" dynamic="1" navigation="0" arg0="count_max"  />
Writing the design to finalproject_impl1.ngo...

Total CPU Time: 0 secs  

Total REAL Time: 0 secs  


ngdbuild  -a "MachXO3LF" -d LCMXO3LF-6900C  -p "C:/lscc/diamond/3.10_x64/ispfpga/xo3c00f/data"  -p "C:/lscc/diamond/3.10_x64/bin/nt64/finalproject/impl1" -p "C:/lscc/diamond/3.10_x64/bin/nt64/finalproject"  "finalproject_impl1.ngo" "finalproject_impl1.ngd"  	
ngdbuild:  version Diamond (64-bit) 3.10.0.111.2

Copyright (c) 1991-1994 by NeoCAD Inc. All rights reserved.
Copyright (c) 1995 AT&T Corp.   All rights reserved.
Copyright (c) 1995-2001 Lucent Technologies Inc.  All rights reserved.
Copyright (c) 2001 Agere Systems   All rights reserved.
Copyright (c) 2002-2017 Lattice Semiconductor Corporation,  All rights reserved.
Reading 'finalproject_impl1.ngo' ...
Loading NGL library 'C:/lscc/diamond/3.10_x64/ispfpga/xo2c00a/data/xo2alib.ngl'...
Loading NGL library 'C:/lscc/diamond/3.10_x64/ispfpga/xo2c00/data/xo2clib.ngl'...
Loading NGL library 'C:/lscc/diamond/3.10_x64/ispfpga/mg5g00/data/mg5glib.ngl'...
Loading NGL library 'C:/lscc/diamond/3.10_x64/ispfpga/or5g00/data/orc5glib.ngl'...


Running DRC...

    <postMsg mid="1166052" type="Warning" dynamic="2" navigation="1" arg0="logical" arg1="osc_int_SEDSTDBY" arg2="osc_int_SEDSTDBY"  />
    <postMsg mid="1163101" type="Warning" dynamic="1" navigation="0" arg0="1"  />

Design Results:
    365 blocks expanded
Complete the first expansion.
Writing 'finalproject_impl1.ngd' ...
Total CPU Time: 0 secs  

Total REAL Time: 0 secs  


map -a "MachXO3LF" -p LCMXO3LF-6900C -t CABGA256 -s 5 -oc Commercial   "finalproject_impl1.ngd" -o "finalproject_impl1_map.ncd" -pr "finalproject_impl1.prf" -mp "finalproject_impl1.mrp" -lpf "C:/lscc/diamond/3.10_x64/bin/nt64/finalproject/impl1/finalproject_impl1_synplify.lpf" -lpf "C:/lscc/diamond/3.10_x64/bin/nt64/finalproject/finalproject.lpf" -c 0            
map:  version Diamond (64-bit) 3.10.0.111.2

Copyright (c) 1991-1994 by NeoCAD Inc. All rights reserved.
Copyright (c) 1995 AT&T Corp.   All rights reserved.
Copyright (c) 1995-2001 Lucent Technologies Inc.  All rights reserved.
Copyright (c) 2001 Agere Systems   All rights reserved.
Copyright (c) 2002-2017 Lattice Semiconductor Corporation,  All rights reserved.
   Process the file: finalproject_impl1.ngd
   Picdevice="LCMXO3LF-6900C"

   Pictype="CABGA256"

   Picspeed=5

   Remove unused logic

   Do not produce over sized NCDs.

Part used: LCMXO3LF-6900CCABGA256, Performance used: 5.

Loading device for application map from file 'xo3c6900.nph' in environment: C:/lscc/diamond/3.10_x64/ispfpga.
Package Status:                     Final          Version 1.16.

Running general design DRC...

Removing unused logic...

Optimizing...

11 CCU2 constant inputs absorbed.

    <postMsg mid="51001030" type="Warning" dynamic="1" navigation="0" arg0="gamelogic/reset"  />



Design Summary:
   Number of registers:    119 out of  7485 (2%)
      PFU registers:          114 out of  6864 (2%)
      PIO registers:            5 out of   621 (1%)
   Number of SLICEs:       174 out of  3432 (5%)
      SLICEs as Logic/ROM:    174 out of  3432 (5%)
      SLICEs as RAM:            0 out of  2574 (0%)
      SLICEs as Carry:        129 out of  3432 (4%)
   Number of LUT4s:        343 out of  6864 (5%)
      Number used as logic LUTs:         85
      Number used as distributed RAM:     0
      Number used as ripple logic:      258
      Number used as shift registers:     0
   Number of PIO sites used: 9 + 4(JTAG) out of 207 (6%)
   Number of block RAMs:  0 out of 26 (0%)
   Number of GSRs:  1 out of 1 (100%)
   EFB used :       No
   JTAG used :      No
   Readback used :  No
   Oscillator used :  Yes
   Startup used :   No
   POR :            On
   Bandgap :        On
   Number of Power Controller:  0 out of 1 (0%)
   Number of Dynamic Bank Controller (BCINRD):  0 out of 6 (0%)
   Number of Dynamic Bank Controller (BCLVDSO):  0 out of 1 (0%)
   Number of DCCA:  0 out of 8 (0%)
   Number of DCMA:  0 out of 2 (0%)
   Number of PLLs:  0 out of 2 (0%)
   Number of DQSDLLs:  0 out of 2 (0%)
   Number of CLKDIVC:  0 out of 4 (0%)
   Number of ECLKSYNCA:  0 out of 4 (0%)
   Number of ECLKBRIDGECS:  0 out of 2 (0%)
   Notes:-
      1. Total number of LUT4s = (Number of logic LUT4s) + 2*(Number of distributed RAMs) + 2*(Number of ripple logic)
      2. Number of logic LUT4s does not include count of distributed RAM and ripple logic.
   Number of clocks:  1
     Net clk_0: 73 loads, 73 rising, 0 falling (Driver: osc_int )
   Number of Clock Enables:  4
     Net render/CounterX[7]: 5 loads, 5 LSLICEs
     Net gamelogic/G_31: 28 loads, 28 LSLICEs
     Net gamelogic/game/ball/collision_latch_RNINO4F1: 11 loads, 11 LSLICEs
     Net gamelogic/game/ball/collision_latch_RNINO4F1_0: 5 loads, 5 LSLICEs
   Number of local set/reset loads for net gamelogic/reset merged into GSR:  69
   Number of LSRs:  4
     Net render.syncgen.vga_HS_is_i: 1 loads, 0 LSLICEs
     Net draw_start: 1 loads, 0 LSLICEs
     Net render.syncgen.vga_VS_is_i: 1 loads, 0 LSLICEs
     Net reset_n_c: 13 loads, 13 LSLICEs
   Number of nets driven by tri-state buffers:  0
   Top 10 highest fanout non-clock nets:
     Net gamelogic/G_31: 30 loads
     Net gamelogic/game/collision: 23 loads
     Net gamelogic/game/ball/collision_latch: 22 loads
     Net counter_1.count[17]: 14 loads
     Net counter_1.count[18]: 14 loads
     Net render/CounterX[7]: 14 loads
     Net counter_1.un1_countlt18: 13 loads
     Net reset_n_c: 13 loads
     Net gamelogic/game/ball/collision_latch_RNINO4F1: 11 loads
     Net p1_move_right_c: 11 loads
 

   Number of warnings:  1
   Number of errors:    0



Total CPU Time: 0 secs  
Total REAL Time: 0 secs  
Peak Memory Usage: 59 MB

Dumping design to file finalproject_impl1_map.ncd.

mpartrce -p "finalproject_impl1.p2t" -f "finalproject_impl1.p3t" -tf "finalproject_impl1.pt" "finalproject_impl1_map.ncd" "finalproject_impl1.ncd"

---- MParTrce Tool ----
Removing old design directory at request of -rem command line option to this program.
Running par. Please wait . . .

Lattice Place and Route Report for Design "finalproject_impl1_map.ncd"
Tue Jun 05 21:31:22 2018

PAR: Place And Route Diamond (64-bit) 3.10.0.111.2.
Command Line: par -w -l 5 -i 6 -t 1 -c 0 -e 0 -gui -msgset C:/lscc/diamond/3.10_x64/bin/nt64/finalproject/promote.xml -exp parUseNBR=1:parCDP=0:parCDR=0:parPathBased=OFF finalproject_impl1_map.ncd finalproject_impl1.dir/5_1.ncd finalproject_impl1.prf
Preference file: finalproject_impl1.prf.
Placement level-cost: 5-1.
Routing Iterations: 6

Loading design for application par from file finalproject_impl1_map.ncd.
Design name: tennis
NCD version: 3.3
Vendor:      LATTICE
Device:      LCMXO3LF-6900C
Package:     CABGA256
Performance: 5
Loading device for application par from file 'xo3c6900.nph' in environment: C:/lscc/diamond/3.10_x64/ispfpga.
Package Status:                     Final          Version 1.16.
Performance Hardware Data Status:   Final          Version 37.4.
License checked out.


Ignore Preference Error(s):  True
Device utilization summary:

   PIO (prelim)    9+4(JTAG)/336     4% used
                   9+4(JTAG)/207     6% bonded
   IOLOGIC            5/336           1% used

   SLICE            174/3432          5% used

   GSR                1/1           100% used
   OSC                1/1           100% used


Number of Signals: 453
Number of Connections: 987

Pin Constraint Summary:
   8 out of 9 pins locked (88% locked).

The following 1 signal is selected to use the primary clock routing resources:
    clk_0 (driver: osc_int, clk load #: 73)


The following 3 signals are selected to use the secondary clock routing resources:
    gamelogic/G_31 (driver: gamelogic/game/ball/SLICE_166, clk load #: 0, sr load #: 0, ce load #: 28)
    reset_n_c (driver: reset_n, clk load #: 0, sr load #: 13, ce load #: 0)
    gamelogic/game/ball/collision_latch_RNINO4F1 (driver: gamelogic/game/SLICE_141, clk load #: 0, sr load #: 0, ce load #: 11)

Signal gamelogic/reset is selected as Global Set/Reset.
Starting Placer Phase 0.
...........
Finished Placer Phase 0.  REAL time: 0 secs 

Starting Placer Phase 1.
..................
Placer score = 52160.
Finished Placer Phase 1.  REAL time: 5 secs 

Starting Placer Phase 2.
.
Placer score =  51336
Finished Placer Phase 2.  REAL time: 5 secs 


------------------ Clock Report ------------------

Global Clock Resources:
  CLK_PIN    : 1 out of 8 (12%)
  PLL        : 0 out of 2 (0%)
  DCM        : 0 out of 2 (0%)
  DCC        : 0 out of 8 (0%)

Quadrants All (TL, TR, BL, BR) - Global Clocks:
  PRIMARY "clk_0" from OSC on comp "osc_int" on site "OSC", clk load = 73
  SECONDARY "gamelogic/G_31" from F1 on comp "gamelogic/game/ball/SLICE_166" on site "R14C18D", clk load = 0, ce load = 28, sr load = 0
  SECONDARY "reset_n_c" from comp "reset_n" on CLK_PIN site "L2 (PL22A)", clk load = 0, ce load = 0, sr load = 13
  SECONDARY "gamelogic/game/ball/collision_latch_RNINO4F1" from F1 on comp "gamelogic/game/SLICE_141" on site "R14C18C", clk load = 0, ce load = 11, sr load = 0

  PRIMARY  : 1 out of 8 (12%)
  SECONDARY: 3 out of 8 (37%)

Edge Clocks:
  No edge clock selected.

--------------- End of Clock Report ---------------


I/O Usage Summary (final):
   9 + 4(JTAG) out of 336 (3.9%) PIO sites used.
   9 + 4(JTAG) out of 207 (6.3%) bonded PIO sites used.
   Number of PIO comps: 9; differential: 0.
   Number of Vref pins used: 0.

I/O Bank Usage Summary:
+----------+---------------+------------+-----------+
| I/O Bank | Usage         | Bank Vccio | Bank Vref |
+----------+---------------+------------+-----------+
| 0        | 3 / 51 (  5%) | 2.5V       | -         |
| 1        | 0 / 52 (  0%) | -          | -         |
| 2        | 0 / 52 (  0%) | -          | -         |
| 3        | 1 / 16 (  6%) | 2.5V       | -         |
| 4        | 0 / 16 (  0%) | -          | -         |
| 5        | 5 / 20 ( 25%) | 2.5V       | -         |
+----------+---------------+------------+-----------+

Total placer CPU time: 5 secs 

Dumping design to file finalproject_impl1.dir/5_1.ncd.

0 connections routed; 987 unrouted.
Starting router resource preassignment

Completed router resource preassignment. Real time: 6 secs 

Start NBR router at 21:31:28 06/05/18

*****************************************************************
Info: NBR allows conflicts(one node used by more than one signal)
      in the earlier iterations. In each iteration, it tries to  
      solve the conflicts while keeping the critical connections 
      routed as short as possible. The routing process is said to
      be completed when no conflicts exist and all connections   
      are routed.                                                
Note: NBR uses a different method to calculate timing slacks. The
      worst slack and total negative slack may not be the same as
      that in TRCE report. You should always run TRCE to verify  
      your design.                                               
*****************************************************************

Start NBR special constraint process at 21:31:28 06/05/18

Start NBR section for initial routing at 21:31:28 06/05/18
Level 4, iteration 1
19(0.01%) conflicts; 0(0.00%) untouched conn; 0 (nbr) score; 
Estimated worst slack/total negative slack<setup>: 27.929ns/0.000ns; real time: 6 secs 

Info: Initial congestion level at 75% usage is 0
Info: Initial congestion area  at 75% usage is 0 (0.00%)

Start NBR section for normal routing at 21:31:28 06/05/18
Level 4, iteration 1
8(0.00%) conflicts; 0(0.00%) untouched conn; 0 (nbr) score; 
Estimated worst slack/total negative slack<setup>: 27.929ns/0.000ns; real time: 7 secs 
Level 4, iteration 2
3(0.00%) conflicts; 0(0.00%) untouched conn; 0 (nbr) score; 
Estimated worst slack/total negative slack<setup>: 27.929ns/0.000ns; real time: 7 secs 
Level 4, iteration 3
2(0.00%) conflicts; 0(0.00%) untouched conn; 0 (nbr) score; 
Estimated worst slack/total negative slack<setup>: 27.929ns/0.000ns; real time: 7 secs 
Level 4, iteration 4
0(0.00%) conflict; 0(0.00%) untouched conn; 0 (nbr) score; 
Estimated worst slack/total negative slack<setup>: 27.929ns/0.000ns; real time: 7 secs 

Start NBR section for setup/hold timing optimization with effort level 3 at 21:31:29 06/05/18

Start NBR section for re-routing at 21:31:29 06/05/18
Level 4, iteration 1
0(0.00%) conflict; 0(0.00%) untouched conn; 0 (nbr) score; 
Estimated worst slack/total negative slack<setup>: 27.929ns/0.000ns; real time: 7 secs 

Start NBR section for post-routing at 21:31:29 06/05/18

End NBR router with 0 unrouted connection

NBR Summary
-----------
  Number of unrouted connections : 0 (0.00%)
  Number of connections with timing violations : 0 (0.00%)
  Estimated worst slack<setup> : 27.929ns
  Timing score<setup> : 0
-----------
Notes: The timing info is calculated for SETUP only and all PAR_ADJs are ignored.



Total CPU time 7 secs 
Total REAL time: 7 secs 
Completely routed.
End of route.  987 routed (100.00%); 0 unrouted.

Hold time timing score: 0, hold timing errors: 0

Timing score: 0 

Dumping design to file finalproject_impl1.dir/5_1.ncd.


PAR_SUMMARY::Run status = Success
PAR_SUMMARY::Number of unrouted conns = 0
PAR_SUMMARY::Worst  slack<setup/<ns>> = 27.929
PAR_SUMMARY::Timing score<setup/<ns>> = 0.000
PAR_SUMMARY::Worst  slack<hold /<ns>> = 0.379
PAR_SUMMARY::Timing score<hold /<ns>> = 0.000
PAR_SUMMARY::Number of errors = 0

Total CPU  time to completion: 7 secs 
Total REAL time to completion: 7 secs 

par done!

Copyright (c) 1991-1994 by NeoCAD Inc. All rights reserved.
Copyright (c) 1995 AT&T Corp.   All rights reserved.
Copyright (c) 1995-2001 Lucent Technologies Inc.  All rights reserved.
Copyright (c) 2001 Agere Systems   All rights reserved.
Copyright (c) 2002-2017 Lattice Semiconductor Corporation,  All rights reserved.
Exiting par with exit code 0
Exiting mpartrce with exit code 0

bitgen -f "finalproject_impl1.t2b" -w "finalproject_impl1.ncd" -jedec "finalproject_impl1.prf"


BITGEN: Bitstream Generator Diamond (64-bit) 3.10.0.111.2
Copyright (c) 1991-1994 by NeoCAD Inc. All rights reserved.
Copyright (c) 1995 AT&T Corp.   All rights reserved.
Copyright (c) 1995-2001 Lucent Technologies Inc.  All rights reserved.
Copyright (c) 2001 Agere Systems   All rights reserved.
Copyright (c) 2002-2017 Lattice Semiconductor Corporation,  All rights reserved.


Loading design for application Bitgen from file finalproject_impl1.ncd.
Design name: tennis
NCD version: 3.3
Vendor:      LATTICE
Device:      LCMXO3LF-6900C
Package:     CABGA256
Performance: 5
Loading device for application Bitgen from file 'xo3c6900.nph' in environment: C:/lscc/diamond/3.10_x64/ispfpga.
Package Status:                     Final          Version 1.16.
Performance Hardware Data Status:   Final          Version 37.4.

Running DRC.
DRC detected 0 errors and 0 warnings.
Reading Preference File from finalproject_impl1.prf.

Preference Summary:
+---------------------------------+---------------------------------+
|  Preference                     |  Current Setting                |
+---------------------------------+---------------------------------+
|                         RamCfg  |                        Reset**  |
+---------------------------------+---------------------------------+
|                     MCCLK_FREQ  |                         2.08**  |
+---------------------------------+---------------------------------+
|                  CONFIG_SECURE  |                          OFF**  |
+---------------------------------+---------------------------------+
|                          INBUF  |                           ON**  |
+---------------------------------+---------------------------------+
|                      JTAG_PORT  |                       ENABLE**  |
+---------------------------------+---------------------------------+
|                       SDM_PORT  |                      DISABLE**  |
+---------------------------------+---------------------------------+
|                 SLAVE_SPI_PORT  |                      DISABLE**  |
+---------------------------------+---------------------------------+
|                MASTER_SPI_PORT  |                      DISABLE**  |
+---------------------------------+---------------------------------+
|                       I2C_PORT  |                      DISABLE**  |
+---------------------------------+---------------------------------+
|        MUX_CONFIGURATION_PORTS  |                      DISABLE**  |
+---------------------------------+---------------------------------+
|                  CONFIGURATION  |                          CFG**  |
+---------------------------------+---------------------------------+
|                COMPRESS_CONFIG  |                           ON**  |
+---------------------------------+---------------------------------+
|                        MY_ASSP  |                          OFF**  |
+---------------------------------+---------------------------------+
|               ONE_TIME_PROGRAM  |                          OFF**  |
+---------------------------------+---------------------------------+
|                 ENABLE_TRANSFR  |                      DISABLE**  |
+---------------------------------+---------------------------------+
|                  SHAREDEBRINIT  |                      DISABLE**  |
+---------------------------------+---------------------------------+
|            BACKGROUND_RECONFIG  |                          OFF**  |
+---------------------------------+---------------------------------+
|                 DUALBOOTGOLDEN  |                     INTERNAL**  |
+---------------------------------+---------------------------------+
 *  Default setting.
 ** The specified setting matches the default setting.


Creating bit map...
 
Bitstream Status: Final           Version 1.94.
 
Saving bit stream in "finalproject_impl1.jed".
 
===========
UFM Summary.
===========
UFM Size:        2046 Pages (128*2046 Bits).
UFM Utilization: General Purpose Flash Memory.
 
Available General Purpose Flash Memory: 2046 Pages (Page 0 to Page 2045).
Initialized UFM Pages:                     0 Page.
 
