Running in Lattice mode

Starting:    C:\lscc\diamond\3.10_x64\synpbase\bin64\mbin\synbatch.exe
Install:     C:\lscc\diamond\3.10_x64\synpbase
Hostname:    DESKTOP-4QTE81U
Date:        Mon May 21 19:04:26 2018
Version:     M-2017.03L-SP1-1

Arguments:   -product synplify_pro -batch finalproject_impl1_synplify.tcl
ProductType: synplify_pro




log file: "C:\lscc\diamond\3.10_x64\bin\nt64\finalproject\impl1\finalproject_impl1.srr"
Running: impl1 in foreground

Running proj_1|impl1

Running: compile (Compile) on proj_1|impl1
# Mon May 21 19:04:26 2018

Running: compile_flow (Compile Process) on proj_1|impl1
# Mon May 21 19:04:26 2018

Running: compiler (Compile Input) on proj_1|impl1
# Mon May 21 19:04:26 2018
Copied C:\lscc\diamond\3.10_x64\bin\nt64\finalproject\impl1\synwork\finalproject_impl1_comp.srs to C:\lscc\diamond\3.10_x64\bin\nt64\finalproject\impl1\finalproject_impl1.srs

compiler completed
# Mon May 21 19:04:28 2018

Return Code: 0
Run Time:00h:00m:02s

Running: multi_srs_gen (Multi-srs Generator) on proj_1|impl1
# Mon May 21 19:04:28 2018

multi_srs_gen completed
# Mon May 21 19:04:29 2018

Return Code: 0
Run Time:00h:00m:01s
Copied C:\lscc\diamond\3.10_x64\bin\nt64\finalproject\impl1\synwork\finalproject_impl1_mult.srs to C:\lscc\diamond\3.10_x64\bin\nt64\finalproject\impl1\finalproject_impl1.srs
Copied C:\lscc\diamond\3.10_x64\bin\nt64\finalproject\impl1\finalproject_impl1.srr to C:\lscc\diamond\3.10_x64\bin\nt64\finalproject\impl1\finalproject_impl1.srf
Complete: Compile Process on proj_1|impl1

Running: premap (Pre-mapping) on proj_1|impl1
# Mon May 21 19:04:29 2018

premap completed with warnings
# Mon May 21 19:04:30 2018

Return Code: 1
Run Time:00h:00m:01s
Complete: Compile on proj_1|impl1

Running: map (Map) on proj_1|impl1
# Mon May 21 19:04:30 2018
License granted for 4 parallel jobs

Running: fpga_mapper (Map & Optimize) on proj_1|impl1
# Mon May 21 19:04:30 2018
Copied C:\lscc\diamond\3.10_x64\bin\nt64\finalproject\impl1\synwork\finalproject_impl1_m.srm to C:\lscc\diamond\3.10_x64\bin\nt64\finalproject\impl1\finalproject_impl1.srm

fpga_mapper completed with warnings
# Mon May 21 19:04:32 2018

Return Code: 1
Run Time:00h:00m:02s
Complete: Map on proj_1|impl1
Copied C:\lscc\diamond\3.10_x64\bin\nt64\finalproject\impl1\finalproject_impl1.srr to C:\lscc\diamond\3.10_x64\bin\nt64\finalproject\impl1\finalproject_impl1.srf
Complete: Logic Synthesis on proj_1|impl1
TCL script complete: "finalproject_impl1_synplify.tcl"
exit status=0
exit status=0
Save changes for project:
C:\lscc\diamond\3.10_x64\bin\nt64\finalproject\impl1\proj_1.prj
batch mode default:no
