C:\lscc\diamond\3.10_x64\synpbase\bin64\c_hdl.exe  -osyn  C:\lscc\diamond\3.10_x64\bin\nt64\finalproject\impl1\synwork\finalproject_impl1_comp.srs  -hdllog  C:\lscc\diamond\3.10_x64\bin\nt64\finalproject\impl1\synlog\finalproject_impl1_compiler.srr  -encrypt  -mp  4  -verification_mode 0  -verilog  -prodtype  synplify_pro  -dspmac -fixsmult -infer_seqShift -nram -sdff_counter -divnmod -nostructver   -I C:\lscc\diamond\3.10_x64\bin\nt64\finalproject  -I C:\lscc\diamond\3.10_x64\bin\nt64\finalproject\impl1\  -I C:\lscc\diamond\3.10_x64\synpbase\lib   -v2001  -devicelib  C:\lscc\diamond\3.10_x64\synpbase\lib\lucent\machxo3lf.v  -devicelib  C:\lscc\diamond\3.10_x64\synpbase\lib\lucent\pmi_def.v  -encrypt  -pro  -dmgen  C:\lscc\diamond\3.10_x64\bin\nt64\finalproject\impl1\dm  -ui -fid2 -ram -sharing on -ll 2000 -autosm  -D_MULTIPLE_FILE_COMPILATION_UNIT_  -lib work -fsysv "C:\Users\Tristan Thompson\Documents\section4code\Clock_Counter.sv" -lib work -fsysv C:\lscc\diamond\3.10_x64\bin\nt64\finalproject\PhysicsController.sv -lib work -fsysv C:\lscc\diamond\3.10_x64\bin\nt64\finalproject\Game_FSM.sv -lib work -fsysv "C:\Users\Tristan Thompson\Downloads\hvsync_generator\hvsync_generator.sv" -lib work -fsysv C:\lscc\diamond\3.10_x64\bin\nt64\finalproject\Game.sv -lib work -fsysv C:\lscc\diamond\3.10_x64\bin\nt64\finalproject\Top.sv -lib work -fsysv C:\lscc\diamond\3.10_x64\bin\nt64\finalproject\Renderer.sv  -jobname  "compiler" 
relcom:..\..\..\..\..\synpbase\bin64\c_hdl.exe -osyn ..\synwork\finalproject_impl1_comp.srs -hdllog ..\synlog\finalproject_impl1_compiler.srr -encrypt -mp 4 -verification_mode 0 -verilog -prodtype synplify_pro -dspmac -fixsmult -infer_seqShift -nram -sdff_counter -divnmod -nostructver -I ..\..\..\finalproject -I ..\ -I ..\..\..\..\..\synpbase\lib -v2001 -devicelib ..\..\..\..\..\synpbase\lib\lucent\machxo3lf.v -devicelib ..\..\..\..\..\synpbase\lib\lucent\pmi_def.v -encrypt -pro -dmgen ..\dm -ui -fid2 -ram -sharing on -ll 2000 -autosm -D_MULTIPLE_FILE_COMPILATION_UNIT_ -lib work -fsysv "C:\Users\Tristan Thompson\Documents\section4code\Clock_Counter.sv" -lib work -fsysv ..\..\PhysicsController.sv -lib work -fsysv ..\..\Game_FSM.sv -lib work -fsysv "C:\Users\Tristan Thompson\Downloads\hvsync_generator\hvsync_generator.sv" -lib work -fsysv ..\..\Game.sv -lib work -fsysv ..\..\Top.sv -lib work -fsysv ..\..\Renderer.sv -jobname "compiler"
rc:0 success:1 runtime:2
file:..\synwork\finalproject_impl1_comp.srs|io:o|time:1528259474|size:16270|exec:0|csum:
file:..\synlog\finalproject_impl1_compiler.srr|io:o|time:1528259474|size:11423|exec:0|csum:
file:..\..\..\..\..\synpbase\lib\lucent\machxo3lf.v|io:i|time:1501921416|size:53334|exec:0|csum:2C7EE925B72664F003E7171BA7097889
file:..\..\..\..\..\synpbase\lib\lucent\pmi_def.v|io:i|time:1501921416|size:40584|exec:0|csum:530CC5906D70AB3C6A4AA0861AC94BDF
file:.\-fsysv|io:i|time:0|size:0|exec:0|csum:
file:..\..\..\..\..\..\..\..\Users\Tristan Thompson\Documents\section4code\Clock_Counter.sv|io:i|time:1527816866|size:1024|exec:0|csum:C17ACA3F072641073B74F202CD51A744
file:.\-fsysv|io:i|time:0|size:0|exec:0|csum:
file:..\..\PhysicsController.sv|io:i|time:1528259470|size:2692|exec:0|csum:0622691536AB8EA5FDC2F11A92A39E8E
file:.\-fsysv|io:i|time:0|size:0|exec:0|csum:
file:..\..\Game_FSM.sv|io:i|time:1528258704|size:984|exec:0|csum:DFF47F23508C596A26E68660B17BAFA5
file:.\-fsysv|io:i|time:0|size:0|exec:0|csum:
file:..\..\..\..\..\..\..\..\Users\Tristan Thompson\Downloads\hvsync_generator\hvsync_generator.sv|io:i|time:1527813029|size:987|exec:0|csum:376B7DDEA756568CF53CB12DDE622524
file:.\-fsysv|io:i|time:0|size:0|exec:0|csum:
file:..\..\Game.sv|io:i|time:1527901480|size:867|exec:0|csum:B77423269A3B42687BB3CAA935563114
file:.\-fsysv|io:i|time:0|size:0|exec:0|csum:
file:..\..\Top.sv|io:i|time:1528257767|size:1626|exec:0|csum:0E7108EA8B2D968260362B2859F37085
file:.\-fsysv|io:i|time:0|size:0|exec:0|csum:
file:..\..\Renderer.sv|io:i|time:1527898486|size:1655|exec:0|csum:D6351B4A07800085D2E47F3BD6242A2F
file:..\..\..\..\..\synpbase\bin64\c_hdl.exe|io:i|time:1501917158|size:5526016|exec:1|csum:B0FC75282263C9BC65A760D01C67ECBA
